2025-10-05 11:01:59.351 [main] INFO  c.basic.project.ProjectApplication - Starting ProjectApplication using Java 23.0.2 with PID 23280 (C:\Users\User\Downloads\project\target\classes started by User in C:\Users\User\Downloads\project)
2025-10-05 11:01:59.355 [main] INFO  c.basic.project.ProjectApplication - No active profile set, falling back to 1 default profile: "default"
2025-10-05 11:02:00.486 [main] INFO  o.s.d.r.c.RepositoryConfigurationDelegate - Bootstrapping Spring Data JPA repositories in DEFAULT mode.
2025-10-05 11:02:00.544 [main] INFO  o.s.d.r.c.RepositoryConfigurationDelegate - Finished Spring Data repository scanning in 48 ms. Found 1 JPA repository interface.
2025-10-05 11:02:01.105 [main] INFO  o.s.b.w.e.tomcat.TomcatWebServer - Tomcat initialized with port 8081 (http)
2025-10-05 11:02:01.129 [main] INFO  o.a.catalina.core.StandardService - Starting service [Tomcat]
2025-10-05 11:02:01.130 [main] INFO  o.a.catalina.core.StandardEngine - Starting Servlet engine: [Apache Tomcat/10.1.46]
2025-10-05 11:02:01.181 [main] INFO  o.a.c.c.C.[Tomcat].[localhost].[/] - Initializing Spring embedded WebApplicationContext
2025-10-05 11:02:01.182 [main] INFO  o.s.b.w.s.c.ServletWebServerApplicationContext - Root WebApplicationContext: initialization completed in 1765 ms
2025-10-05 11:02:01.373 [main] INFO  o.h.jpa.internal.util.LogHelper - HHH000204: Processing PersistenceUnitInfo [name: default]
2025-10-05 11:02:01.436 [main] INFO  org.hibernate.Version - HHH000412: Hibernate ORM core version 6.6.29.Final
2025-10-05 11:02:01.483 [main] INFO  o.h.c.i.RegionFactoryInitiator - HHH000026: Second-level cache disabled
2025-10-05 11:02:01.787 [main] INFO  o.s.o.j.p.SpringPersistenceUnitInfo - No LoadTimeWeaver setup: ignoring JPA class transformer
2025-10-05 11:02:01.823 [main] INFO  com.zaxxer.hikari.HikariDataSource - HikariPool-1 - Starting...
2025-10-05 11:02:02.059 [main] INFO  com.zaxxer.hikari.pool.HikariPool - HikariPool-1 - Added connection org.postgresql.jdbc.PgConnection@28dacf31
2025-10-05 11:02:02.061 [main] INFO  com.zaxxer.hikari.HikariDataSource - HikariPool-1 - Start completed.
2025-10-05 11:02:02.149 [main] WARN  org.hibernate.orm.deprecation - HHH90000025: PostgreSQLDialect does not need to be specified explicitly using 'hibernate.dialect' (remove the property setting and it will be selected by default)
2025-10-05 11:02:02.170 [main] INFO  o.hibernate.orm.connections.pooling - HHH10001005: Database info:
	Database JDBC URL [Connecting through datasource 'HikariDataSource (HikariPool-1)']
	Database driver: undefined/unknown
	Database version: 17.2
	Autocommit mode: undefined/unknown
	Isolation level: undefined/unknown
	Minimum pool size: undefined/unknown
	Maximum pool size: undefined/unknown
2025-10-05 11:02:02.984 [main] INFO  o.h.e.t.j.p.i.JtaPlatformInitiator - HHH000489: No JTA platform available (set 'hibernate.transaction.jta.platform' to enable JTA platform integration)
2025-10-05 11:02:03.000 [main] DEBUG org.hibernate.SQL - 
    set client_min_messages = WARNING
2025-10-05 11:02:03.002 [main] DEBUG org.hibernate.SQL - 
    drop table if exists users cascade
2025-10-05 11:02:03.013 [main] DEBUG org.hibernate.SQL - 
    create table users (
        enabled boolean not null,
        created_at timestamp(6) not null,
        id bigint generated by default as identity,
        updated_at timestamp(6),
        email varchar(255) not null unique,
        password varchar(255) not null,
        phone varchar(255),
        username varchar(255) not null unique,
        primary key (id)
    )
2025-10-05 11:02:03.070 [main] INFO  o.s.o.j.LocalContainerEntityManagerFactoryBean - Initialized JPA EntityManagerFactory for persistence unit 'default'
2025-10-05 11:02:03.413 [main] INFO  o.s.d.j.r.query.QueryEnhancerFactory - Hibernate is in classpath; If applicable, HQL parser will be used.
2025-10-05 11:02:03.878 [main] INFO  c.basic.project.service.JwtService - JWT access token: your-super-secret-access-key-that-is-at-least-32-characters-long-for-development-onlys, refreshToken: your-super-secret-refresh-key-that-is-at-least-32-characters-long-for-development-onlys
2025-10-05 11:02:04.072 [main] WARN  o.s.b.a.o.j.JpaBaseConfiguration$JpaWebConfiguration - spring.jpa.open-in-view is enabled by default. Therefore, database queries may be performed during view rendering. Explicitly configure spring.jpa.open-in-view to disable this warning
2025-10-05 11:02:04.430 [main] INFO  o.s.v.b.OptionalValidatorFactoryBean - Failed to set up a Bean Validation provider: jakarta.validation.NoProviderFoundException: Unable to create a Configuration, because no Jakarta Bean Validation provider could be found. Add a provider like Hibernate Validator (RI) to your classpath.
2025-10-05 11:02:04.685 [main] INFO  o.s.b.w.e.tomcat.TomcatWebServer - Tomcat started on port 8081 (http) with context path '/'
2025-10-05 11:02:04.693 [main] INFO  c.basic.project.ProjectApplication - Started ProjectApplication in 5.836 seconds (process running for 12.411)
2025-10-05 11:05:11.054 [http-nio-8081-exec-1] INFO  o.a.c.c.C.[Tomcat].[localhost].[/] - Initializing Spring DispatcherServlet 'dispatcherServlet'
2025-10-05 11:05:11.055 [http-nio-8081-exec-1] INFO  o.s.web.servlet.DispatcherServlet - Initializing Servlet 'dispatcherServlet'
2025-10-05 11:05:11.057 [http-nio-8081-exec-1] INFO  o.s.web.servlet.DispatcherServlet - Completed initialization in 2 ms
2025-10-05 11:05:11.976 [http-nio-8081-exec-10] INFO  o.s.api.AbstractOpenApiResource - Init duration for springdoc-openapi is: 379 ms
2025-10-05 11:09:31.923 [http-nio-8081-exec-9] DEBUG org.hibernate.SQL - 
    select
        ue1_0.id 
    from
        users ue1_0 
    where
        ue1_0.email=? 
    fetch
        first ? rows only
2025-10-05 11:09:31.960 [http-nio-8081-exec-9] DEBUG org.hibernate.SQL - 
    select
        ue1_0.id 
    from
        users ue1_0 
    where
        ue1_0.username=? 
    fetch
        first ? rows only
2025-10-05 11:09:31.990 [http-nio-8081-exec-9] DEBUG org.hibernate.SQL - 
    insert 
    into
        users
        (created_at, email, enabled, password, phone, updated_at, username) 
    values
        (?, ?, ?, ?, ?, ?, ?)
2025-10-05 11:10:39.826 [http-nio-8081-exec-6] WARN  o.s.w.s.m.s.DefaultHandlerExceptionResolver - Resolved [org.springframework.http.converter.HttpMessageNotReadableException: JSON parse error: Unexpected character ('}' (code 125)): was expecting double-quote to start field name]
2025-10-05 11:10:42.987 [http-nio-8081-exec-1] DEBUG org.hibernate.SQL - 
    select
        ue1_0.id,
        ue1_0.created_at,
        ue1_0.email,
        ue1_0.enabled,
        ue1_0.password,
        ue1_0.phone,
        ue1_0.updated_at,
        ue1_0.username 
    from
        users ue1_0 
    where
        ue1_0.email is null 
        or ue1_0.username is null
2025-10-05 11:10:42.997 [http-nio-8081-exec-1] WARN  c.basic.project.service.AuthService - User not found: null
2025-10-05 11:10:43.000 [http-nio-8081-exec-1] WARN  c.b.p.controller.AuthController - Неверные учетные данные
2025-10-05 11:10:43.001 [http-nio-8081-exec-1] ERROR c.b.p.controller.AuthController - Ошибка аутентификации: Неверные учетные данные
2025-10-05 11:10:56.552 [http-nio-8081-exec-5] DEBUG org.hibernate.SQL - 
    select
        ue1_0.id,
        ue1_0.created_at,
        ue1_0.email,
        ue1_0.enabled,
        ue1_0.password,
        ue1_0.phone,
        ue1_0.updated_at,
        ue1_0.username 
    from
        users ue1_0 
    where
        ue1_0.email is null 
        or ue1_0.username is null
2025-10-05 11:10:56.553 [http-nio-8081-exec-5] WARN  c.basic.project.service.AuthService - User not found: null
2025-10-05 11:10:56.553 [http-nio-8081-exec-5] WARN  c.b.p.controller.AuthController - Неверные учетные данные
2025-10-05 11:10:56.554 [http-nio-8081-exec-5] ERROR c.b.p.controller.AuthController - Ошибка аутентификации: Неверные учетные данные
2025-10-05 11:11:19.395 [http-nio-8081-exec-7] DEBUG org.hibernate.SQL - 
    select
        ue1_0.id 
    from
        users ue1_0 
    where
        ue1_0.email=? 
    fetch
        first ? rows only
2025-10-05 11:11:19.398 [http-nio-8081-exec-7] WARN  c.b.p.controller.AuthController - Пользователь с email ivan.ivanov@example.com уже существует
2025-10-05 11:11:19.399 [http-nio-8081-exec-7] ERROR c.b.p.controller.AuthController - Ошибка аутентификации: Пользователь с email ivan.ivanov@example.com уже существует
2025-10-05 11:11:25.583 [http-nio-8081-exec-4] DEBUG org.hibernate.SQL - 
    select
        ue1_0.id,
        ue1_0.created_at,
        ue1_0.email,
        ue1_0.enabled,
        ue1_0.password,
        ue1_0.phone,
        ue1_0.updated_at,
        ue1_0.username 
    from
        users ue1_0 
    where
        ue1_0.email is null 
        or ue1_0.username is null
2025-10-05 11:11:25.585 [http-nio-8081-exec-4] WARN  c.basic.project.service.AuthService - User not found: null
2025-10-05 11:11:25.586 [http-nio-8081-exec-4] WARN  c.b.p.controller.AuthController - Неверные учетные данные
2025-10-05 11:11:25.587 [http-nio-8081-exec-4] ERROR c.b.p.controller.AuthController - Ошибка аутентификации: Неверные учетные данные
2025-10-05 11:14:36.525 [http-nio-8081-exec-9] DEBUG org.hibernate.SQL - 
    select
        ue1_0.id,
        ue1_0.created_at,
        ue1_0.email,
        ue1_0.enabled,
        ue1_0.password,
        ue1_0.phone,
        ue1_0.updated_at,
        ue1_0.username 
    from
        users ue1_0 
    where
        upper(ue1_0.email)=upper(?) 
        or upper(ue1_0.username)=upper(?)
2025-10-05 11:14:36.531 [http-nio-8081-exec-9] WARN  o.s.s.c.bcrypt.BCryptPasswordEncoder - Encoded password does not look like BCrypt
2025-10-05 11:14:36.531 [http-nio-8081-exec-9] WARN  c.basic.project.service.AuthService - Incorrect password for user: ivan.ivanov@example.com
2025-10-05 11:14:36.531 [http-nio-8081-exec-9] WARN  c.b.p.controller.AuthController - Неверные учетные данные
2025-10-05 11:14:36.532 [http-nio-8081-exec-9] ERROR c.b.p.controller.AuthController - Ошибка аутентификации: Неверные учетные данные
2025-10-05 11:14:50.220 [http-nio-8081-exec-8] DEBUG org.hibernate.SQL - 
    select
        ue1_0.id,
        ue1_0.created_at,
        ue1_0.email,
        ue1_0.enabled,
        ue1_0.password,
        ue1_0.phone,
        ue1_0.updated_at,
        ue1_0.username 
    from
        users ue1_0 
    where
        upper(ue1_0.email)=upper(?) 
        or upper(ue1_0.username)=upper(?)
2025-10-05 11:14:50.222 [http-nio-8081-exec-8] WARN  o.s.s.c.bcrypt.BCryptPasswordEncoder - Encoded password does not look like BCrypt
2025-10-05 11:14:50.222 [http-nio-8081-exec-8] WARN  c.basic.project.service.AuthService - Incorrect password for user: ivan.ivanov@example.com
2025-10-05 11:14:50.222 [http-nio-8081-exec-8] WARN  c.b.p.controller.AuthController - Неверные учетные данные
2025-10-05 11:14:50.223 [http-nio-8081-exec-8] ERROR c.b.p.controller.AuthController - Ошибка аутентификации: Неверные учетные данные
2025-10-05 11:14:59.120 [http-nio-8081-exec-10] DEBUG org.hibernate.SQL - 
    select
        ue1_0.id 
    from
        users ue1_0 
    where
        ue1_0.email=? 
    fetch
        first ? rows only
2025-10-05 11:14:59.122 [http-nio-8081-exec-10] WARN  c.b.p.controller.AuthController - Пользователь с email ivan.ivanov@example.com уже существует
2025-10-05 11:14:59.122 [http-nio-8081-exec-10] ERROR c.b.p.controller.AuthController - Ошибка аутентификации: Пользователь с email ivan.ivanov@example.com уже существует
2025-10-05 11:15:06.258 [http-nio-8081-exec-6] DEBUG org.hibernate.SQL - 
    select
        ue1_0.id,
        ue1_0.created_at,
        ue1_0.email,
        ue1_0.enabled,
        ue1_0.password,
        ue1_0.phone,
        ue1_0.updated_at,
        ue1_0.username 
    from
        users ue1_0 
    where
        upper(ue1_0.email)=upper(?) 
        or upper(ue1_0.username)=upper(?)
2025-10-05 11:15:06.260 [http-nio-8081-exec-6] WARN  o.s.s.c.bcrypt.BCryptPasswordEncoder - Encoded password does not look like BCrypt
2025-10-05 11:15:06.260 [http-nio-8081-exec-6] WARN  c.basic.project.service.AuthService - Incorrect password for user: ivan.ivanov@example.com
2025-10-05 11:15:06.260 [http-nio-8081-exec-6] WARN  c.b.p.controller.AuthController - Неверные учетные данные
2025-10-05 11:15:06.261 [http-nio-8081-exec-6] ERROR c.b.p.controller.AuthController - Ошибка аутентификации: Неверные учетные данные
2025-10-05 11:15:10.750 [http-nio-8081-exec-1] DEBUG org.hibernate.SQL - 
    select
        ue1_0.id,
        ue1_0.created_at,
        ue1_0.email,
        ue1_0.enabled,
        ue1_0.password,
        ue1_0.phone,
        ue1_0.updated_at,
        ue1_0.username 
    from
        users ue1_0 
    where
        upper(ue1_0.email)=upper(?) 
        or upper(ue1_0.username)=upper(?)
2025-10-05 11:15:10.751 [http-nio-8081-exec-1] WARN  o.s.s.c.bcrypt.BCryptPasswordEncoder - Encoded password does not look like BCrypt
2025-10-05 11:15:10.751 [http-nio-8081-exec-1] WARN  c.basic.project.service.AuthService - Incorrect password for user: ivan.ivanov@example.com
2025-10-05 11:15:10.752 [http-nio-8081-exec-1] WARN  c.b.p.controller.AuthController - Неверные учетные данные
2025-10-05 11:15:10.752 [http-nio-8081-exec-1] ERROR c.b.p.controller.AuthController - Ошибка аутентификации: Неверные учетные данные
2025-10-05 11:15:20.399 [http-nio-8081-exec-5] DEBUG org.hibernate.SQL - 
    select
        ue1_0.id,
        ue1_0.created_at,
        ue1_0.email,
        ue1_0.enabled,
        ue1_0.password,
        ue1_0.phone,
        ue1_0.updated_at,
        ue1_0.username 
    from
        users ue1_0 
    where
        upper(ue1_0.email)=upper(?) 
        or upper(ue1_0.username)=upper(?)
2025-10-05 11:15:20.400 [http-nio-8081-exec-5] WARN  o.s.s.c.bcrypt.BCryptPasswordEncoder - Encoded password does not look like BCrypt
2025-10-05 11:15:20.400 [http-nio-8081-exec-5] WARN  c.basic.project.service.AuthService - Incorrect password for user: ivan.ivanov@example.com
2025-10-05 11:15:20.401 [http-nio-8081-exec-5] WARN  c.b.p.controller.AuthController - Неверные учетные данные
2025-10-05 11:15:20.402 [http-nio-8081-exec-5] ERROR c.b.p.controller.AuthController - Ошибка аутентификации: Неверные учетные данные
2025-10-05 11:15:47.386 [http-nio-8081-exec-7] DEBUG org.hibernate.SQL - 
    select
        ue1_0.id,
        ue1_0.created_at,
        ue1_0.email,
        ue1_0.enabled,
        ue1_0.password,
        ue1_0.phone,
        ue1_0.updated_at,
        ue1_0.username 
    from
        users ue1_0 
    where
        upper(ue1_0.email)=upper(?) 
        or upper(ue1_0.username)=upper(?)
2025-10-05 11:15:47.388 [http-nio-8081-exec-7] WARN  o.s.s.c.bcrypt.BCryptPasswordEncoder - Encoded password does not look like BCrypt
2025-10-05 11:15:47.388 [http-nio-8081-exec-7] WARN  c.basic.project.service.AuthService - Incorrect password for user: ivan.ivanov@example.com
2025-10-05 11:15:47.389 [http-nio-8081-exec-7] WARN  c.b.p.controller.AuthController - Неверные учетные данные
2025-10-05 11:15:47.390 [http-nio-8081-exec-7] ERROR c.b.p.controller.AuthController - Ошибка аутентификации: Неверные учетные данные
2025-10-05 11:16:09.115 [http-nio-8081-exec-4] DEBUG org.hibernate.SQL - 
    select
        ue1_0.id 
    from
        users ue1_0 
    where
        ue1_0.email=? 
    fetch
        first ? rows only
2025-10-05 11:16:09.119 [http-nio-8081-exec-4] DEBUG org.hibernate.SQL - 
    select
        ue1_0.id 
    from
        users ue1_0 
    where
        ue1_0.username=? 
    fetch
        first ? rows only
2025-10-05 11:16:09.121 [http-nio-8081-exec-4] DEBUG org.hibernate.SQL - 
    insert 
    into
        users
        (created_at, email, enabled, password, phone, updated_at, username) 
    values
        (?, ?, ?, ?, ?, ?, ?)
2025-10-05 11:16:16.012 [http-nio-8081-exec-2] DEBUG org.hibernate.SQL - 
    select
        ue1_0.id,
        ue1_0.created_at,
        ue1_0.email,
        ue1_0.enabled,
        ue1_0.password,
        ue1_0.phone,
        ue1_0.updated_at,
        ue1_0.username 
    from
        users ue1_0 
    where
        upper(ue1_0.email)=upper(?) 
        or upper(ue1_0.username)=upper(?)
2025-10-05 11:16:16.015 [http-nio-8081-exec-2] WARN  o.s.s.c.bcrypt.BCryptPasswordEncoder - Encoded password does not look like BCrypt
2025-10-05 11:16:16.015 [http-nio-8081-exec-2] WARN  c.basic.project.service.AuthService - Incorrect password for user: ivans.ivanov@example.com
2025-10-05 11:16:16.016 [http-nio-8081-exec-2] WARN  c.b.p.controller.AuthController - Неверные учетные данные
2025-10-05 11:16:16.016 [http-nio-8081-exec-2] ERROR c.b.p.controller.AuthController - Ошибка аутентификации: Неверные учетные данные
2025-10-05 11:16:28.444 [http-nio-8081-exec-3] DEBUG org.hibernate.SQL - 
    select
        ue1_0.id,
        ue1_0.created_at,
        ue1_0.email,
        ue1_0.enabled,
        ue1_0.password,
        ue1_0.phone,
        ue1_0.updated_at,
        ue1_0.username 
    from
        users ue1_0 
    where
        upper(ue1_0.email)=upper(?) 
        or upper(ue1_0.username)=upper(?)
2025-10-05 11:16:28.446 [http-nio-8081-exec-3] WARN  o.s.s.c.bcrypt.BCryptPasswordEncoder - Encoded password does not look like BCrypt
2025-10-05 11:16:28.446 [http-nio-8081-exec-3] WARN  c.basic.project.service.AuthService - Incorrect password for user: ivans.ivanov@example.com
2025-10-05 11:16:28.447 [http-nio-8081-exec-3] WARN  c.b.p.controller.AuthController - Неверные учетные данные
2025-10-05 11:16:28.447 [http-nio-8081-exec-3] ERROR c.b.p.controller.AuthController - Ошибка аутентификации: Неверные учетные данные
2025-10-05 11:21:50.611 [SpringApplicationShutdownHook] INFO  o.s.b.w.e.tomcat.GracefulShutdown - Commencing graceful shutdown. Waiting for active requests to complete
2025-10-05 11:21:50.620 [tomcat-shutdown] INFO  o.s.b.w.e.tomcat.GracefulShutdown - Graceful shutdown complete
2025-10-05 11:21:50.625 [SpringApplicationShutdownHook] INFO  o.s.o.j.LocalContainerEntityManagerFactoryBean - Closing JPA EntityManagerFactory for persistence unit 'default'
2025-10-05 11:21:50.627 [SpringApplicationShutdownHook] DEBUG org.hibernate.SQL - 
    set client_min_messages = WARNING
2025-10-05 11:21:50.629 [SpringApplicationShutdownHook] DEBUG org.hibernate.SQL - 
    drop table if exists users cascade
2025-10-05 11:21:50.652 [SpringApplicationShutdownHook] INFO  com.zaxxer.hikari.HikariDataSource - HikariPool-1 - Shutdown initiated...
2025-10-05 11:21:50.655 [SpringApplicationShutdownHook] INFO  com.zaxxer.hikari.HikariDataSource - HikariPool-1 - Shutdown completed.
2025-10-05 11:21:54.638 [main] INFO  c.basic.project.ProjectApplication - Starting ProjectApplication using Java 23.0.2 with PID 25640 (C:\Users\User\Downloads\project\target\classes started by User in C:\Users\User\Downloads\project)
2025-10-05 11:21:54.640 [main] INFO  c.basic.project.ProjectApplication - No active profile set, falling back to 1 default profile: "default"
2025-10-05 11:21:55.348 [main] INFO  o.s.d.r.c.RepositoryConfigurationDelegate - Bootstrapping Spring Data JPA repositories in DEFAULT mode.
2025-10-05 11:21:55.399 [main] INFO  o.s.d.r.c.RepositoryConfigurationDelegate - Finished Spring Data repository scanning in 41 ms. Found 1 JPA repository interface.
2025-10-05 11:21:55.878 [main] INFO  o.s.b.w.e.tomcat.TomcatWebServer - Tomcat initialized with port 8081 (http)
2025-10-05 11:21:55.896 [main] INFO  o.a.catalina.core.StandardService - Starting service [Tomcat]
2025-10-05 11:21:55.896 [main] INFO  o.a.catalina.core.StandardEngine - Starting Servlet engine: [Apache Tomcat/10.1.46]
2025-10-05 11:21:55.947 [main] INFO  o.a.c.c.C.[Tomcat].[localhost].[/] - Initializing Spring embedded WebApplicationContext
2025-10-05 11:21:55.948 [main] INFO  o.s.b.w.s.c.ServletWebServerApplicationContext - Root WebApplicationContext: initialization completed in 1240 ms
2025-10-05 11:21:56.117 [main] INFO  o.h.jpa.internal.util.LogHelper - HHH000204: Processing PersistenceUnitInfo [name: default]
2025-10-05 11:21:56.181 [main] INFO  org.hibernate.Version - HHH000412: Hibernate ORM core version 6.6.29.Final
2025-10-05 11:21:56.232 [main] INFO  o.h.c.i.RegionFactoryInitiator - HHH000026: Second-level cache disabled
2025-10-05 11:21:56.481 [main] INFO  o.s.o.j.p.SpringPersistenceUnitInfo - No LoadTimeWeaver setup: ignoring JPA class transformer
2025-10-05 11:21:56.511 [main] INFO  com.zaxxer.hikari.HikariDataSource - HikariPool-1 - Starting...
2025-10-05 11:21:56.677 [main] INFO  com.zaxxer.hikari.pool.HikariPool - HikariPool-1 - Added connection org.postgresql.jdbc.PgConnection@10f8e2d2
2025-10-05 11:21:56.679 [main] INFO  com.zaxxer.hikari.HikariDataSource - HikariPool-1 - Start completed.
2025-10-05 11:21:56.719 [main] WARN  org.hibernate.orm.deprecation - HHH90000025: PostgreSQLDialect does not need to be specified explicitly using 'hibernate.dialect' (remove the property setting and it will be selected by default)
2025-10-05 11:21:56.737 [main] INFO  o.hibernate.orm.connections.pooling - HHH10001005: Database info:
	Database JDBC URL [Connecting through datasource 'HikariDataSource (HikariPool-1)']
	Database driver: undefined/unknown
	Database version: 17.2
	Autocommit mode: undefined/unknown
	Isolation level: undefined/unknown
	Minimum pool size: undefined/unknown
	Maximum pool size: undefined/unknown
2025-10-05 11:21:57.499 [main] INFO  o.h.e.t.j.p.i.JtaPlatformInitiator - HHH000489: No JTA platform available (set 'hibernate.transaction.jta.platform' to enable JTA platform integration)
2025-10-05 11:21:57.517 [main] DEBUG org.hibernate.SQL - 
    set client_min_messages = WARNING
2025-10-05 11:21:57.519 [main] DEBUG org.hibernate.SQL - 
    drop table if exists users cascade
2025-10-05 11:21:57.525 [main] DEBUG org.hibernate.SQL - 
    create table users (
        enabled boolean not null,
        created_at timestamp(6) not null,
        id bigint generated by default as identity,
        updated_at timestamp(6),
        email varchar(255) not null unique,
        password varchar(255) not null,
        phone varchar(255),
        username varchar(255) not null unique,
        primary key (id)
    )
2025-10-05 11:21:57.542 [main] INFO  o.s.o.j.LocalContainerEntityManagerFactoryBean - Initialized JPA EntityManagerFactory for persistence unit 'default'
2025-10-05 11:21:57.815 [main] INFO  o.s.d.j.r.query.QueryEnhancerFactory - Hibernate is in classpath; If applicable, HQL parser will be used.
2025-10-05 11:21:58.207 [main] INFO  c.basic.project.service.JwtService - JWT access token: your-super-secret-access-key-that-is-at-least-32-characters-long-for-development-onlys, refreshToken: your-super-secret-refresh-key-that-is-at-least-32-characters-long-for-development-onlys
2025-10-05 11:21:58.340 [main] WARN  o.s.b.a.o.j.JpaBaseConfiguration$JpaWebConfiguration - spring.jpa.open-in-view is enabled by default. Therefore, database queries may be performed during view rendering. Explicitly configure spring.jpa.open-in-view to disable this warning
2025-10-05 11:21:58.609 [main] INFO  o.s.v.b.OptionalValidatorFactoryBean - Failed to set up a Bean Validation provider: jakarta.validation.NoProviderFoundException: Unable to create a Configuration, because no Jakarta Bean Validation provider could be found. Add a provider like Hibernate Validator (RI) to your classpath.
2025-10-05 11:21:58.831 [main] INFO  o.s.b.w.e.tomcat.TomcatWebServer - Tomcat started on port 8081 (http) with context path '/'
2025-10-05 11:21:58.838 [main] INFO  c.basic.project.ProjectApplication - Started ProjectApplication in 4.662 seconds (process running for 5.259)
2025-10-05 11:22:02.174 [http-nio-8081-exec-1] INFO  o.a.c.c.C.[Tomcat].[localhost].[/] - Initializing Spring DispatcherServlet 'dispatcherServlet'
2025-10-05 11:22:02.174 [http-nio-8081-exec-1] INFO  o.s.web.servlet.DispatcherServlet - Initializing Servlet 'dispatcherServlet'
2025-10-05 11:22:02.176 [http-nio-8081-exec-1] INFO  o.s.web.servlet.DispatcherServlet - Completed initialization in 1 ms
2025-10-05 11:22:02.452 [http-nio-8081-exec-1] DEBUG org.hibernate.SQL - 
    select
        ue1_0.id 
    from
        users ue1_0 
    where
        ue1_0.email=? 
    fetch
        first ? rows only
2025-10-05 11:22:02.483 [http-nio-8081-exec-1] DEBUG org.hibernate.SQL - 
    select
        ue1_0.id 
    from
        users ue1_0 
    where
        ue1_0.username=? 
    fetch
        first ? rows only
2025-10-05 11:22:02.644 [http-nio-8081-exec-1] DEBUG org.hibernate.SQL - 
    insert 
    into
        users
        (created_at, email, enabled, password, phone, updated_at, username) 
    values
        (?, ?, ?, ?, ?, ?, ?)
2025-10-05 11:22:11.649 [http-nio-8081-exec-3] DEBUG org.hibernate.SQL - 
    select
        ue1_0.id,
        ue1_0.created_at,
        ue1_0.email,
        ue1_0.enabled,
        ue1_0.password,
        ue1_0.phone,
        ue1_0.updated_at,
        ue1_0.username 
    from
        users ue1_0 
    where
        upper(ue1_0.email)=upper(?) 
        or upper(ue1_0.username)=upper(?)
2025-10-05 11:22:11.784 [http-nio-8081-exec-3] INFO  c.basic.project.service.AuthService - User logged in successfully: ivans.ivanov@example.com
2025-10-05 11:22:42.655 [http-nio-8081-exec-4] INFO  c.b.p.controller.AuthController - Обновление токена для пользователя
2025-10-05 11:22:42.697 [http-nio-8081-exec-4] DEBUG org.hibernate.SQL - 
    select
        ue1_0.id,
        ue1_0.created_at,
        ue1_0.email,
        ue1_0.enabled,
        ue1_0.password,
        ue1_0.phone,
        ue1_0.updated_at,
        ue1_0.username 
    from
        users ue1_0 
    where
        ue1_0.email=?
2025-10-05 11:22:42.701 [http-nio-8081-exec-4] INFO  c.b.p.controller.AuthController - Токен успешно обновлен
2025-10-05 11:22:54.278 [http-nio-8081-exec-5] WARN  o.s.w.s.m.s.DefaultHandlerExceptionResolver - Resolved [org.springframework.web.bind.MissingRequestHeaderException: Required request header 'Authorization' for method parameter type String is not present]
2025-10-05 11:23:01.998 [http-nio-8081-exec-6] WARN  o.s.w.s.m.s.DefaultHandlerExceptionResolver - Resolved [org.springframework.web.bind.MissingRequestHeaderException: Required request header 'Authorization' for method parameter type String is not present]
2025-10-05 11:23:26.346 [http-nio-8081-exec-7] WARN  o.s.w.s.m.s.DefaultHandlerExceptionResolver - Resolved [org.springframework.web.bind.MissingRequestHeaderException: Required request header 'Authorization' for method parameter type String is not present]
2025-10-05 11:28:06.575 [http-nio-8081-exec-2] WARN  o.s.w.s.m.s.DefaultHandlerExceptionResolver - Resolved [org.springframework.web.bind.MissingRequestHeaderException: Required request header 'Authorization' for method parameter type String is not present]
2025-10-05 11:28:14.125 [http-nio-8081-exec-1] WARN  o.s.w.s.m.s.DefaultHandlerExceptionResolver - Resolved [org.springframework.web.bind.MissingRequestHeaderException: Required request header 'Authorization' for method parameter type String is not present]
2025-10-05 11:29:36.430 [http-nio-8081-exec-4] DEBUG org.hibernate.SQL - 
    select
        ue1_0.id,
        ue1_0.created_at,
        ue1_0.email,
        ue1_0.enabled,
        ue1_0.password,
        ue1_0.phone,
        ue1_0.updated_at,
        ue1_0.username 
    from
        users ue1_0 
    where
        upper(ue1_0.email)=upper(?) 
        or upper(ue1_0.username)=upper(?)
2025-10-05 11:29:36.499 [http-nio-8081-exec-4] INFO  c.basic.project.service.AuthService - User logged in successfully: ivans.ivanov@example.com
2025-10-05 11:30:09.074 [http-nio-8081-exec-6] DEBUG org.hibernate.SQL - 
    select
        ue1_0.id,
        ue1_0.created_at,
        ue1_0.email,
        ue1_0.enabled,
        ue1_0.password,
        ue1_0.phone,
        ue1_0.updated_at,
        ue1_0.username 
    from
        users ue1_0 
    where
        upper(ue1_0.email)=upper(?) 
        or upper(ue1_0.username)=upper(?)
2025-10-05 11:30:09.152 [http-nio-8081-exec-6] INFO  c.basic.project.service.AuthService - User logged in successfully: ivans.ivanov@example.com
2025-10-05 11:30:58.050 [http-nio-8081-exec-7] DEBUG org.hibernate.SQL - 
    select
        ue1_0.id,
        ue1_0.created_at,
        ue1_0.email,
        ue1_0.enabled,
        ue1_0.password,
        ue1_0.phone,
        ue1_0.updated_at,
        ue1_0.username 
    from
        users ue1_0 
    where
        upper(ue1_0.email)=upper(?) 
        or upper(ue1_0.username)=upper(?)
2025-10-05 11:30:58.113 [http-nio-8081-exec-7] INFO  c.basic.project.service.AuthService - User logged in successfully: ivans.ivanov@example.com
2025-10-05 11:31:07.676 [http-nio-8081-exec-8] DEBUG org.hibernate.SQL - 
    select
        ue1_0.id,
        ue1_0.created_at,
        ue1_0.email,
        ue1_0.enabled,
        ue1_0.password,
        ue1_0.phone,
        ue1_0.updated_at,
        ue1_0.username 
    from
        users ue1_0 
    where
        upper(ue1_0.email)=upper(?) 
        or upper(ue1_0.username)=upper(?)
2025-10-05 11:31:07.739 [http-nio-8081-exec-8] INFO  c.basic.project.service.AuthService - User logged in successfully: ivans.ivanov@example.com
2025-10-05 11:31:43.783 [http-nio-8081-exec-9] DEBUG org.hibernate.SQL - 
    select
        ue1_0.id,
        ue1_0.created_at,
        ue1_0.email,
        ue1_0.enabled,
        ue1_0.password,
        ue1_0.phone,
        ue1_0.updated_at,
        ue1_0.username 
    from
        users ue1_0 
    where
        upper(ue1_0.email)=upper(?) 
        or upper(ue1_0.username)=upper(?)
2025-10-05 11:31:43.847 [http-nio-8081-exec-9] INFO  c.basic.project.service.AuthService - User logged in successfully: ivans.ivanov@example.com
